2023-05-10 09:05:14 [INFO] 초기화 필터 생성
2023-05-10 09:05:16 [INFO] -------------------------------------------------------------
Start : BoardServiceImpl - selectBoardType
Parameter : []
ip : 0:0:0:0:0:0:0:1
2023-05-10 09:05:17 [INFO] Return Value : [edu.kh.comm.board.model.vo.BoardType@56606207, edu.kh.comm.board.model.vo.BoardType@d15a4e1, edu.kh.comm.board.model.vo.BoardType@487c56fa]
2023-05-10 09:05:17 [INFO] Running Time : 876ms
2023-05-10 09:05:17 [INFO] End : BoardServiceImpl - selectBoardType
-------------------------------------------------------------

2023-05-10 09:05:17 [INFO] -------------------------------------------------------------
Start : MemberServiceImpl - selectAll
Parameter : []
ip : 0:0:0:0:0:0:0:1
2023-05-10 09:05:17 [INFO] Return Value : [Member(memberNo=1, memberEmail=test01@naver.com, memberPw=null, memberNickname=테스트1, memberTel=null, memberAddress=null, profileImage=null, enrollDate=null, secessionFlag=null), Member(memberNo=2, memberEmail=test02@naver.com, memberPw=null, memberNickname=유저이, memberTel=null, memberAddress=null, profileImage=null, enrollDate=null, secessionFlag=null)]
2023-05-10 09:05:17 [INFO] Running Time : 9ms
2023-05-10 09:05:17 [INFO] End : MemberServiceImpl - selectAll
-------------------------------------------------------------

2023-05-10 09:05:23 [INFO] 로그인 기능 수행됨
2023-05-10 09:05:23 [INFO] -------------------------------------------------------------
Start : MemberServiceImpl - login
Parameter : [Member(memberNo=0, memberEmail=test01@naver.com, memberPw=pass01!, memberNickname=null, memberTel=null, memberAddress=null, profileImage=null, enrollDate=null, secessionFlag=null)]
ip : 0:0:0:0:0:0:0:1
2023-05-10 09:05:23 [DEBUG] pass01! / $2a$10$RYL4CwwZFDPRehPoeryzgePzGM/aOQS.qDmFfcgCHgzKqJYnKdlF.
2023-05-10 09:05:23 [INFO] Return Value : Member(memberNo=1, memberEmail=test01@naver.com, memberPw=null, memberNickname=테스트1, memberTel=01011111111, memberAddress=02830,,서울 성북구 아리랑로 3,,201호, profileImage=null, enrollDate=2023-04-26 13:51:26, secessionFlag=null)
2023-05-10 09:05:23 [INFO] Running Time : 144ms
2023-05-10 09:05:23 [INFO] End : MemberServiceImpl - login
-------------------------------------------------------------

2023-05-10 09:05:24 [INFO] -------------------------------------------------------------
Start : MemberServiceImpl - selectAll
Parameter : []
ip : 0:0:0:0:0:0:0:1 (email : test01@naver.com)
2023-05-10 09:05:24 [INFO] Return Value : [Member(memberNo=1, memberEmail=test01@naver.com, memberPw=null, memberNickname=테스트1, memberTel=null, memberAddress=null, profileImage=null, enrollDate=null, secessionFlag=null), Member(memberNo=2, memberEmail=test02@naver.com, memberPw=null, memberNickname=유저이, memberTel=null, memberAddress=null, profileImage=null, enrollDate=null, secessionFlag=null)]
2023-05-10 09:05:24 [INFO] Running Time : 3ms
2023-05-10 09:05:24 [INFO] End : MemberServiceImpl - selectAll
-------------------------------------------------------------

2023-05-10 09:05:25 [INFO] -------------------------------------------------------------
Start : BoardServiceImpl - selectBoardList
Parameter : [1, 3]
ip : 0:0:0:0:0:0:0:1 (email : test01@naver.com)
2023-05-10 09:05:25 [INFO] Return Value : {pagination=Pagination [currentPage=1, listCount=500, limit=10, pageSize=10, maxPage=50, startPage=1, endPage=10, prevPage=1, nextPage=11], boardList=[edu.kh.comm.board.model.vo.Board@7c0e35cc, edu.kh.comm.board.model.vo.Board@29a90e22, edu.kh.comm.board.model.vo.Board@3594d160, edu.kh.comm.board.model.vo.Board@20caf1ba, edu.kh.comm.board.model.vo.Board@2de7003a, edu.kh.comm.board.model.vo.Board@4c5ed3ba, edu.kh.comm.board.model.vo.Board@5fd20480, edu.kh.comm.board.model.vo.Board@28e269e1, edu.kh.comm.board.model.vo.Board@3d915a17, edu.kh.comm.board.model.vo.Board@7688d1c]}
2023-05-10 09:05:25 [INFO] Running Time : 70ms
2023-05-10 09:05:25 [INFO] End : BoardServiceImpl - selectBoardList
-------------------------------------------------------------

2023-05-10 09:05:25 [INFO] -------------------------------------------------------------
Start : BoardServiceImpl - selectBoardDetail
Parameter : [500]
ip : 0:0:0:0:0:0:0:1 (email : test01@naver.com)
2023-05-10 09:05:25 [INFO] Return Value : edu.kh.comm.board.model.vo.BoardDetail@242ed81c
2023-05-10 09:05:25 [INFO] Running Time : 17ms
2023-05-10 09:05:25 [INFO] End : BoardServiceImpl - selectBoardDetail
-------------------------------------------------------------

2023-05-10 09:05:25 [INFO] -------------------------------------------------------------
Start : ReplyServiceImpl - selectReplyList
Parameter : [500]
ip : 0:0:0:0:0:0:0:1 (email : test01@naver.com)
2023-05-10 09:05:25 [INFO] Return Value : [Reply(replyNo=1, replyContent=부모1, createDate=2023년 05월 09일 12시 37분 30초, boardNo=500, memberNo=1, memberNickname=테스트1, profileImage=null, parentReplyNo=0), Reply(replyNo=2, replyContent=부모1-자식1, createDate=2023년 05월 09일 12시 37분 33초, boardNo=500, memberNo=1, memberNickname=테스트1, profileImage=null, parentReplyNo=1), Reply(replyNo=3, replyContent=부모1-자식2, createDate=2023년 05월 09일 12시 37분 33초, boardNo=500, memberNo=1, memberNickname=테스트1, profileImage=null, parentReplyNo=1), Reply(replyNo=4, replyContent=부모1-자식3, createDate=2023년 05월 09일 12시 37분 33초, boardNo=500, memberNo=1, memberNickname=테스트1, profileImage=null, parentReplyNo=1), Reply(replyNo=11, replyContent=부모1-자식3-손자1, createDate=2023년 05월 09일 12시 37분 37초, boardNo=500, memberNo=1, memberNickname=테스트1, profileImage=null, parentReplyNo=4), Reply(replyNo=12, replyContent=부모1-자식3-손자2, createDate=2023년 05월 09일 12시 37분 37초, boardNo=500, memberNo=1, memberNickname=테스트1, profileImage=null, parentReplyNo=4), Reply(replyNo=13, replyContent=부모1-자식3-손자3, createDate=2023년 05월 09일 12시 37분 37초, boardNo=500, memberNo=1, memberNickname=테스트1, profileImage=null, parentReplyNo=4), Reply(replyNo=5, replyContent=부모2, createDate=2023년 05월 09일 12시 37분 35초, boardNo=500, memberNo=1, memberNickname=테스트1, profileImage=null, parentReplyNo=0), Reply(replyNo=8, replyContent=부모2-자식1, createDate=2023년 05월 09일 12시 37분 37초, boardNo=500, memberNo=1, memberNickname=테스트1, profileImage=null, parentReplyNo=5), Reply(replyNo=9, replyContent=부모2-자식2, createDate=2023년 05월 09일 12시 37분 37초, boardNo=500, memberNo=1, memberNickname=테스트1, profileImage=null, parentReplyNo=5), Reply(replyNo=10, replyContent=부모2-자식3, createDate=2023년 05월 09일 12시 37분 37초, boardNo=500, memberNo=1, memberNickname=테스트1, profileImage=null, parentReplyNo=5), Reply(replyNo=6, replyContent=부모3, createDate=2023년 05월 09일 12시 37분 35초, boardNo=500, memberNo=1, memberNickname=테스트1, profileImage=null, parentReplyNo=0), Reply(replyNo=7, replyContent=부모4, createDate=2023년 05월 09일 12시 37분 35초, boardNo=500, memberNo=1, memberNickname=테스트1, profileImage=null, parentReplyNo=0)]
2023-05-10 09:05:25 [INFO] Running Time : 13ms
2023-05-10 09:05:25 [INFO] End : ReplyServiceImpl - selectReplyList
-------------------------------------------------------------

2023-05-10 11:41:31 [INFO] 초기화 필터 생성
2023-05-10 11:41:36 [INFO] 후처리 수행
2023-05-10 11:41:37 [INFO] View단 처리 완료 후 수행
2023-05-10 11:41:37 [INFO] 후처리 수행
2023-05-10 11:41:37 [INFO] View단 처리 완료 후 수행
2023-05-10 11:41:37 [INFO] 후처리 수행
2023-05-10 11:41:37 [INFO] 후처리 수행
2023-05-10 11:41:37 [INFO] View단 처리 완료 후 수행
2023-05-10 11:41:37 [INFO] View단 처리 완료 후 수행
2023-05-10 11:41:38 [INFO] 후처리 수행
2023-05-10 11:41:38 [INFO] View단 처리 완료 후 수행
2023-05-10 11:41:42 [INFO] 로그인 기능 수행됨
2023-05-10 11:41:43 [DEBUG] pass01! / $2a$10$mre2MXG1cW7sjpkuva27W.Mb0cLMBiG200uOuNVF54gGOtLt/PmKu
2023-05-10 11:41:43 [INFO] 후처리 수행
2023-05-10 11:41:43 [INFO] View단 처리 완료 후 수행
2023-05-10 11:41:43 [INFO] 후처리 수행
2023-05-10 11:41:43 [INFO] View단 처리 완료 후 수행
2023-05-10 11:41:43 [INFO] 후처리 수행
2023-05-10 11:41:43 [INFO] View단 처리 완료 후 수행
2023-05-10 11:41:44 [INFO] 후처리 수행
2023-05-10 11:41:45 [INFO] View단 처리 완료 후 수행
2023-05-10 11:41:45 [INFO] 후처리 수행
2023-05-10 11:41:45 [INFO] View단 처리 완료 후 수행
2023-05-10 11:41:45 [INFO] 후처리 수행
2023-05-10 11:41:45 [INFO] View단 처리 완료 후 수행
2023-05-10 11:41:45 [INFO] 후처리 수행
2023-05-10 11:41:45 [INFO] View단 처리 완료 후 수행
2023-05-10 11:41:45 [INFO] 후처리 수행
2023-05-10 11:41:45 [INFO] View단 처리 완료 후 수행
2023-05-10 11:41:45 [INFO] 후처리 수행
2023-05-10 11:41:45 [INFO] View단 처리 완료 후 수행
2023-05-10 11:41:47 [INFO] 후처리 수행
2023-05-10 11:41:47 [INFO] View단 처리 완료 후 수행
2023-05-10 11:41:47 [INFO] 후처리 수행
2023-05-10 11:41:47 [INFO] 후처리 수행
2023-05-10 11:41:47 [INFO] View단 처리 완료 후 수행
2023-05-10 11:41:47 [INFO] View단 처리 완료 후 수행
2023-05-10 11:41:47 [INFO] 후처리 수행
2023-05-10 11:41:47 [INFO] View단 처리 완료 후 수행
2023-05-10 11:41:47 [INFO] 후처리 수행
2023-05-10 11:41:47 [INFO] 후처리 수행
2023-05-10 11:41:47 [INFO] View단 처리 완료 후 수행
2023-05-10 11:41:47 [INFO] View단 처리 완료 후 수행
2023-05-10 11:41:47 [INFO] 후처리 수행
2023-05-10 11:41:47 [INFO] 후처리 수행
2023-05-10 11:41:47 [INFO] View단 처리 완료 후 수행
2023-05-10 11:41:47 [INFO] View단 처리 완료 후 수행
2023-05-10 11:41:51 [INFO] 후처리 수행
2023-05-10 11:41:51 [INFO] View단 처리 완료 후 수행
2023-05-10 11:41:52 [INFO] 후처리 수행
2023-05-10 11:41:52 [INFO] View단 처리 완료 후 수행
2023-05-10 11:41:56 [INFO] 후처리 수행
2023-05-10 11:41:56 [INFO] View단 처리 완료 후 수행
2023-05-10 11:41:56 [INFO] 후처리 수행
2023-05-10 11:41:56 [INFO] View단 처리 완료 후 수행
2023-05-10 11:41:56 [INFO] 후처리 수행
2023-05-10 11:41:56 [INFO] View단 처리 완료 후 수행
2023-05-10 11:42:02 [INFO] 후처리 수행
2023-05-10 11:42:02 [INFO] View단 처리 완료 후 수행
2023-05-10 11:42:02 [INFO] 후처리 수행
2023-05-10 11:42:02 [INFO] View단 처리 완료 후 수행
2023-05-10 11:42:02 [INFO] 후처리 수행
2023-05-10 11:42:02 [INFO] View단 처리 완료 후 수행
2023-05-10 11:42:07 [INFO] 후처리 수행
2023-05-10 11:42:07 [INFO] View단 처리 완료 후 수행
2023-05-10 11:42:07 [INFO] 후처리 수행
2023-05-10 11:42:07 [INFO] View단 처리 완료 후 수행
2023-05-10 11:42:07 [INFO] 후처리 수행
2023-05-10 11:42:07 [INFO] View단 처리 완료 후 수행
2023-05-10 11:42:08 [INFO] 후처리 수행
2023-05-10 11:42:08 [INFO] View단 처리 완료 후 수행
2023-05-10 11:42:08 [INFO] 후처리 수행
2023-05-10 11:42:08 [INFO] View단 처리 완료 후 수행
2023-05-10 11:42:09 [INFO] 후처리 수행
2023-05-10 11:42:09 [INFO] View단 처리 완료 후 수행
2023-05-10 11:42:10 [INFO] 후처리 수행
2023-05-10 11:42:10 [INFO] View단 처리 완료 후 수행
2023-05-10 11:42:10 [INFO] 후처리 수행
2023-05-10 11:42:10 [INFO] View단 처리 완료 후 수행
2023-05-10 11:42:10 [INFO] 후처리 수행
2023-05-10 11:42:10 [INFO] View단 처리 완료 후 수행
2023-05-10 11:42:10 [INFO] 후처리 수행
2023-05-10 11:42:10 [INFO] View단 처리 완료 후 수행
2023-05-10 11:55:40 [INFO] 초기화 필터 생성
2023-05-10 11:55:44 [INFO] 후처리 수행
2023-05-10 11:55:44 [INFO] View단 처리 완료 후 수행
2023-05-10 11:55:44 [INFO] 후처리 수행
2023-05-10 11:55:44 [INFO] View단 처리 완료 후 수행
2023-05-10 11:55:44 [INFO] 후처리 수행
2023-05-10 11:55:44 [INFO] View단 처리 완료 후 수행
2023-05-10 11:55:44 [INFO] 후처리 수행
2023-05-10 11:55:44 [INFO] View단 처리 완료 후 수행
2023-05-10 11:55:45 [INFO] 후처리 수행
2023-05-10 11:55:45 [INFO] View단 처리 완료 후 수행
2023-05-10 11:55:51 [INFO] 로그인 기능 수행됨
2023-05-10 11:55:51 [DEBUG] pass01! / $2a$10$sJUq24PFYpjVkBTfzRuO7uSv8p2zKdARNubKCWwhGYRDiR2221vHa
2023-05-10 11:55:51 [INFO] 후처리 수행
2023-05-10 11:55:51 [INFO] View단 처리 완료 후 수행
2023-05-10 11:55:51 [INFO] 후처리 수행
2023-05-10 11:55:51 [INFO] View단 처리 완료 후 수행
2023-05-10 11:55:51 [INFO] 후처리 수행
2023-05-10 11:55:51 [INFO] View단 처리 완료 후 수행
2023-05-10 11:55:52 [INFO] 후처리 수행
2023-05-10 11:55:52 [INFO] View단 처리 완료 후 수행
2023-05-10 11:55:52 [INFO] 후처리 수행
2023-05-10 11:55:52 [INFO] View단 처리 완료 후 수행
2023-05-10 11:55:52 [INFO] 후처리 수행
2023-05-10 11:55:52 [INFO] View단 처리 완료 후 수행
2023-05-10 11:55:52 [INFO] 후처리 수행
2023-05-10 11:55:52 [INFO] View단 처리 완료 후 수행
2023-05-10 11:55:52 [INFO] 후처리 수행
2023-05-10 11:55:52 [INFO] View단 처리 완료 후 수행
2023-05-10 11:55:52 [INFO] 후처리 수행
2023-05-10 11:55:52 [INFO] View단 처리 완료 후 수행
2023-05-10 11:55:53 [INFO] 후처리 수행
2023-05-10 11:55:53 [INFO] View단 처리 완료 후 수행
2023-05-10 11:55:53 [INFO] 후처리 수행
2023-05-10 11:55:53 [INFO] 후처리 수행
2023-05-10 11:55:53 [INFO] View단 처리 완료 후 수행
2023-05-10 11:55:53 [INFO] View단 처리 완료 후 수행
2023-05-10 11:55:53 [INFO] 후처리 수행
2023-05-10 11:55:53 [INFO] View단 처리 완료 후 수행
2023-05-10 11:55:53 [INFO] 후처리 수행
2023-05-10 11:55:53 [INFO] View단 처리 완료 후 수행
2023-05-10 11:55:53 [INFO] 후처리 수행
2023-05-10 11:55:53 [INFO] View단 처리 완료 후 수행
2023-05-10 11:55:53 [INFO] 후처리 수행
2023-05-10 11:55:53 [INFO] 후처리 수행
2023-05-10 11:55:53 [INFO] View단 처리 완료 후 수행
2023-05-10 11:55:53 [INFO] View단 처리 완료 후 수행
2023-05-10 11:56:02 [INFO] 후처리 수행
2023-05-10 11:56:02 [INFO] View단 처리 완료 후 수행
2023-05-10 11:56:02 [INFO] 후처리 수행
2023-05-10 11:56:02 [INFO] View단 처리 완료 후 수행
2023-05-10 11:56:02 [INFO] 후처리 수행
2023-05-10 11:56:02 [INFO] View단 처리 완료 후 수행
2023-05-10 11:56:02 [INFO] 후처리 수행
2023-05-10 11:56:02 [INFO] View단 처리 완료 후 수행
2023-05-10 11:56:02 [INFO] 후처리 수행
2023-05-10 11:56:02 [INFO] View단 처리 완료 후 수행
2023-05-10 11:56:02 [INFO] 후처리 수행
2023-05-10 11:56:02 [INFO] View단 처리 완료 후 수행
2023-05-10 11:56:02 [INFO] 후처리 수행
2023-05-10 11:56:02 [INFO] View단 처리 완료 후 수행
2023-05-10 11:56:03 [INFO] 후처리 수행
2023-05-10 11:56:03 [INFO] View단 처리 완료 후 수행
2023-05-10 11:56:05 [INFO] 후처리 수행
2023-05-10 11:56:05 [INFO] View단 처리 완료 후 수행
2023-05-10 11:56:08 [INFO] 후처리 수행
2023-05-10 11:56:08 [INFO] View단 처리 완료 후 수행
2023-05-10 11:56:08 [INFO] 후처리 수행
2023-05-10 11:56:08 [INFO] View단 처리 완료 후 수행
2023-05-10 12:03:26 [INFO] 초기화 필터 생성
2023-05-10 12:03:32 [INFO] 후처리 수행
2023-05-10 12:03:32 [INFO] View단 처리 완료 후 수행
2023-05-10 12:03:32 [INFO] 후처리 수행
2023-05-10 12:03:32 [INFO] View단 처리 완료 후 수행
2023-05-10 12:03:32 [INFO] 후처리 수행
2023-05-10 12:03:32 [INFO] View단 처리 완료 후 수행
2023-05-10 12:03:32 [INFO] 후처리 수행
2023-05-10 12:03:32 [INFO] View단 처리 완료 후 수행
2023-05-10 12:03:32 [INFO] 후처리 수행
2023-05-10 12:03:32 [INFO] View단 처리 완료 후 수행
2023-05-10 12:03:34 [INFO] 후처리 수행
2023-05-10 12:03:34 [INFO] View단 처리 완료 후 수행
2023-05-10 12:03:34 [INFO] 후처리 수행
2023-05-10 12:03:34 [INFO] View단 처리 완료 후 수행
2023-05-10 12:03:34 [INFO] 후처리 수행
2023-05-10 12:03:34 [INFO] View단 처리 완료 후 수행
2023-05-10 12:03:34 [INFO] 후처리 수행
2023-05-10 12:03:34 [INFO] View단 처리 완료 후 수행
2023-05-10 12:03:34 [INFO] 후처리 수행
2023-05-10 12:03:34 [INFO] View단 처리 완료 후 수행
2023-05-10 12:03:34 [INFO] 후처리 수행
2023-05-10 12:03:34 [INFO] View단 처리 완료 후 수행
2023-05-10 12:03:35 [INFO] 후처리 수행
2023-05-10 12:03:35 [INFO] View단 처리 완료 후 수행
2023-05-10 12:03:35 [INFO] 후처리 수행
2023-05-10 12:03:35 [INFO] View단 처리 완료 후 수행
2023-05-10 12:03:35 [INFO] 후처리 수행
2023-05-10 12:03:35 [INFO] View단 처리 완료 후 수행
2023-05-10 12:03:35 [INFO] 후처리 수행
2023-05-10 12:03:35 [INFO] View단 처리 완료 후 수행
2023-05-10 12:03:35 [INFO] 후처리 수행
2023-05-10 12:03:35 [INFO] View단 처리 완료 후 수행
2023-05-10 12:03:35 [INFO] 후처리 수행
2023-05-10 12:03:35 [INFO] 후처리 수행
2023-05-10 12:03:35 [INFO] 후처리 수행
2023-05-10 12:03:35 [INFO] View단 처리 완료 후 수행
2023-05-10 12:03:35 [INFO] View단 처리 완료 후 수행
2023-05-10 12:03:35 [INFO] View단 처리 완료 후 수행
2023-05-10 12:03:35 [INFO] 후처리 수행
2023-05-10 12:03:35 [INFO] View단 처리 완료 후 수행
2023-05-10 12:03:39 [INFO] 후처리 수행
2023-05-10 12:03:39 [INFO] View단 처리 완료 후 수행
2023-05-10 12:03:41 [INFO] 후처리 수행
2023-05-10 12:03:42 [INFO] View단 처리 완료 후 수행
2023-05-10 12:03:42 [INFO] 후처리 수행
2023-05-10 12:03:42 [INFO] View단 처리 완료 후 수행
2023-05-10 12:03:46 [INFO] 로그인 기능 수행됨
2023-05-10 12:03:46 [DEBUG] pass01! / $2a$10$wU5pr92LcHyy7.PSOm.Ubuv9XDDPSF/BeoM2M2ffXYBjpIZUQSBPW
2023-05-10 12:03:46 [INFO] 후처리 수행
2023-05-10 12:03:46 [INFO] View단 처리 완료 후 수행
2023-05-10 12:03:46 [INFO] 후처리 수행
2023-05-10 12:03:46 [INFO] View단 처리 완료 후 수행
2023-05-10 12:03:47 [INFO] 후처리 수행
2023-05-10 12:03:47 [INFO] View단 처리 완료 후 수행
2023-05-10 12:03:47 [INFO] 후처리 수행
2023-05-10 12:03:47 [INFO] View단 처리 완료 후 수행
2023-05-10 12:03:48 [INFO] 후처리 수행
2023-05-10 12:03:48 [INFO] View단 처리 완료 후 수행
2023-05-10 12:03:48 [INFO] 후처리 수행
2023-05-10 12:03:48 [INFO] View단 처리 완료 후 수행
2023-05-10 12:03:48 [INFO] 후처리 수행
2023-05-10 12:03:48 [INFO] View단 처리 완료 후 수행
2023-05-10 12:03:48 [INFO] 후처리 수행
2023-05-10 12:03:48 [INFO] 후처리 수행
2023-05-10 12:03:48 [INFO] View단 처리 완료 후 수행
2023-05-10 12:03:48 [INFO] View단 처리 완료 후 수행
2023-05-10 12:03:57 [INFO] 후처리 수행
2023-05-10 12:03:57 [INFO] View단 처리 완료 후 수행
2023-05-10 12:03:57 [INFO] 후처리 수행
2023-05-10 12:03:57 [INFO] View단 처리 완료 후 수행
2023-05-10 12:03:57 [INFO] 후처리 수행
2023-05-10 12:03:57 [INFO] View단 처리 완료 후 수행
2023-05-10 12:03:57 [INFO] 후처리 수행
2023-05-10 12:03:57 [INFO] View단 처리 완료 후 수행
2023-05-10 12:03:57 [INFO] 후처리 수행
2023-05-10 12:03:57 [INFO] View단 처리 완료 후 수행
2023-05-10 12:03:57 [INFO] 후처리 수행
2023-05-10 12:03:57 [INFO] 후처리 수행
2023-05-10 12:03:57 [INFO] View단 처리 완료 후 수행
2023-05-10 12:03:57 [INFO] View단 처리 완료 후 수행
2023-05-10 12:03:59 [INFO] 후처리 수행
2023-05-10 12:03:59 [INFO] View단 처리 완료 후 수행
2023-05-10 12:04:02 [INFO] 후처리 수행
2023-05-10 12:04:02 [INFO] View단 처리 완료 후 수행
2023-05-10 12:23:12 [INFO] 초기화 필터 생성
2023-05-10 12:23:16 [INFO] 후처리 수행
2023-05-10 12:23:16 [INFO] View단 처리 완료 후 수행
2023-05-10 12:23:16 [INFO] 후처리 수행
2023-05-10 12:23:16 [INFO] View단 처리 완료 후 수행
2023-05-10 12:23:16 [INFO] 후처리 수행
2023-05-10 12:23:16 [INFO] View단 처리 완료 후 수행
2023-05-10 12:23:16 [INFO] 후처리 수행
2023-05-10 12:23:16 [INFO] View단 처리 완료 후 수행
2023-05-10 12:23:16 [INFO] 후처리 수행
2023-05-10 12:23:16 [INFO] View단 처리 완료 후 수행
2023-05-10 12:23:27 [INFO] 후처리 수행
2023-05-10 12:23:27 [INFO] View단 처리 완료 후 수행
2023-05-10 12:23:36 [INFO] 후처리 수행
2023-05-10 12:23:36 [INFO] View단 처리 완료 후 수행
2023-05-10 12:23:46 [INFO] 후처리 수행
2023-05-10 12:23:46 [INFO] View단 처리 완료 후 수행
2023-05-10 12:23:52 [INFO] 초기화 필터 파괴
2023-05-10 12:25:44 [INFO] 초기화 필터 생성
2023-05-10 12:25:48 [INFO] 후처리 수행
2023-05-10 12:25:48 [INFO] View단 처리 완료 후 수행
2023-05-10 12:25:48 [INFO] 후처리 수행
2023-05-10 12:25:48 [INFO] View단 처리 완료 후 수행
2023-05-10 12:25:49 [INFO] 후처리 수행
2023-05-10 12:25:49 [INFO] View단 처리 완료 후 수행
2023-05-10 12:25:49 [INFO] 후처리 수행
2023-05-10 12:25:49 [INFO] View단 처리 완료 후 수행
2023-05-10 12:25:50 [INFO] 후처리 수행
2023-05-10 12:25:50 [INFO] View단 처리 완료 후 수행
2023-05-10 12:25:53 [INFO] 로그인 기능 수행됨
2023-05-10 12:25:54 [DEBUG] pass01! / $2a$10$G6B1Vz.DS7G54MT8b9BYsucPWySF97SWFZw3WOGNI1sc2cZrGe/hW
2023-05-10 12:25:54 [INFO] 후처리 수행
2023-05-10 12:25:54 [INFO] View단 처리 완료 후 수행
2023-05-10 12:25:54 [INFO] 후처리 수행
2023-05-10 12:25:54 [INFO] View단 처리 완료 후 수행
2023-05-10 12:25:54 [INFO] 후처리 수행
2023-05-10 12:25:54 [INFO] View단 처리 완료 후 수행
2023-05-10 12:25:55 [INFO] 후처리 수행
2023-05-10 12:25:55 [INFO] View단 처리 완료 후 수행
2023-05-10 12:25:55 [INFO] 후처리 수행
2023-05-10 12:25:55 [INFO] View단 처리 완료 후 수행
2023-05-10 12:25:55 [INFO] 후처리 수행
2023-05-10 12:25:55 [INFO] View단 처리 완료 후 수행
2023-05-10 12:25:55 [INFO] 후처리 수행
2023-05-10 12:25:55 [INFO] View단 처리 완료 후 수행
2023-05-10 12:25:55 [INFO] 후처리 수행
2023-05-10 12:25:55 [INFO] View단 처리 완료 후 수행
2023-05-10 12:25:55 [INFO] 후처리 수행
2023-05-10 12:25:55 [INFO] View단 처리 완료 후 수행
2023-05-10 12:25:56 [INFO] 후처리 수행
2023-05-10 12:25:56 [INFO] View단 처리 완료 후 수행
2023-05-10 12:25:56 [INFO] 후처리 수행
2023-05-10 12:25:56 [INFO] View단 처리 완료 후 수행
2023-05-10 12:25:56 [INFO] 후처리 수행
2023-05-10 12:25:56 [INFO] View단 처리 완료 후 수행
2023-05-10 12:25:56 [INFO] 후처리 수행
2023-05-10 12:25:56 [INFO] View단 처리 완료 후 수행
2023-05-10 12:25:56 [INFO] 후처리 수행
2023-05-10 12:25:56 [INFO] View단 처리 완료 후 수행
2023-05-10 12:25:56 [INFO] 후처리 수행
2023-05-10 12:25:56 [INFO] View단 처리 완료 후 수행
2023-05-10 12:25:56 [INFO] 후처리 수행
2023-05-10 12:25:56 [INFO] View단 처리 완료 후 수행
2023-05-10 12:25:56 [INFO] 후처리 수행
2023-05-10 12:25:56 [INFO] View단 처리 완료 후 수행
2023-05-10 12:26:01 [INFO] 후처리 수행
2023-05-10 12:26:01 [INFO] View단 처리 완료 후 수행
2023-05-10 12:26:01 [INFO] 후처리 수행
2023-05-10 12:26:01 [INFO] View단 처리 완료 후 수행
2023-05-10 12:26:01 [INFO] 후처리 수행
2023-05-10 12:26:01 [INFO] View단 처리 완료 후 수행
2023-05-10 12:26:01 [INFO] 후처리 수행
2023-05-10 12:26:01 [INFO] View단 처리 완료 후 수행
2023-05-10 12:26:01 [INFO] 후처리 수행
2023-05-10 12:26:01 [INFO] View단 처리 완료 후 수행
2023-05-10 12:26:03 [INFO] 후처리 수행
2023-05-10 12:26:04 [INFO] View단 처리 완료 후 수행
2023-05-10 12:26:04 [INFO] 후처리 수행
2023-05-10 12:26:04 [INFO] View단 처리 완료 후 수행
2023-05-10 12:26:04 [INFO] 후처리 수행
2023-05-10 12:26:04 [INFO] View단 처리 완료 후 수행
2023-05-10 12:26:04 [INFO] 후처리 수행
2023-05-10 12:26:04 [INFO] View단 처리 완료 후 수행
2023-05-10 12:26:04 [INFO] 후처리 수행
2023-05-10 12:26:04 [INFO] View단 처리 완료 후 수행
2023-05-10 12:26:04 [INFO] 후처리 수행
2023-05-10 12:26:04 [INFO] View단 처리 완료 후 수행
2023-05-10 12:26:04 [INFO] 후처리 수행
2023-05-10 12:26:04 [INFO] View단 처리 완료 후 수행
2023-05-10 12:26:05 [INFO] 후처리 수행
2023-05-10 12:26:05 [INFO] View단 처리 완료 후 수행
2023-05-10 12:34:21 [INFO] 초기화 필터 생성
2023-05-10 12:34:35 [INFO] 후처리 수행
2023-05-10 12:34:35 [INFO] View단 처리 완료 후 수행
2023-05-10 12:34:35 [INFO] 후처리 수행
2023-05-10 12:34:35 [INFO] View단 처리 완료 후 수행
2023-05-10 12:34:35 [INFO] 후처리 수행
2023-05-10 12:34:35 [INFO] View단 처리 완료 후 수행
2023-05-10 12:34:35 [INFO] 후처리 수행
2023-05-10 12:34:35 [INFO] View단 처리 완료 후 수행
2023-05-10 12:34:36 [INFO] 후처리 수행
2023-05-10 12:34:36 [INFO] View단 처리 완료 후 수행
2023-05-10 12:34:41 [INFO] 로그인 기능 수행됨
2023-05-10 12:34:41 [DEBUG] pass01! / $2a$10$Mbj41udTs6dJWNaxTvvC0Oic74zR1otR.0SNpCp/o0poqRJsonuim
2023-05-10 12:34:41 [INFO] 후처리 수행
2023-05-10 12:34:41 [INFO] View단 처리 완료 후 수행
2023-05-10 12:34:41 [INFO] 후처리 수행
2023-05-10 12:34:41 [INFO] View단 처리 완료 후 수행
2023-05-10 12:34:41 [INFO] 후처리 수행
2023-05-10 12:34:41 [INFO] View단 처리 완료 후 수행
2023-05-10 12:34:42 [INFO] 후처리 수행
2023-05-10 12:34:42 [INFO] View단 처리 완료 후 수행
2023-05-10 12:34:42 [INFO] 후처리 수행
2023-05-10 12:34:42 [INFO] View단 처리 완료 후 수행
2023-05-10 12:34:42 [INFO] 후처리 수행
2023-05-10 12:34:42 [INFO] View단 처리 완료 후 수행
2023-05-10 12:34:42 [INFO] 후처리 수행
2023-05-10 12:34:42 [INFO] View단 처리 완료 후 수행
2023-05-10 12:34:42 [INFO] 후처리 수행
2023-05-10 12:34:42 [INFO] View단 처리 완료 후 수행
2023-05-10 12:34:42 [INFO] 후처리 수행
2023-05-10 12:34:42 [INFO] View단 처리 완료 후 수행
2023-05-10 12:34:43 [INFO] 후처리 수행
2023-05-10 12:34:43 [INFO] View단 처리 완료 후 수행
2023-05-10 12:34:43 [INFO] 후처리 수행
2023-05-10 12:34:43 [INFO] 후처리 수행
2023-05-10 12:34:43 [INFO] View단 처리 완료 후 수행
2023-05-10 12:34:43 [INFO] View단 처리 완료 후 수행
2023-05-10 12:34:43 [INFO] 후처리 수행
2023-05-10 12:34:43 [INFO] View단 처리 완료 후 수행
2023-05-10 12:34:43 [INFO] 후처리 수행
2023-05-10 12:34:43 [INFO] View단 처리 완료 후 수행
2023-05-10 12:34:43 [INFO] 후처리 수행
2023-05-10 12:34:43 [INFO] 후처리 수행
2023-05-10 12:34:43 [INFO] View단 처리 완료 후 수행
2023-05-10 12:34:43 [INFO] View단 처리 완료 후 수행
2023-05-10 12:34:43 [INFO] 후처리 수행
2023-05-10 12:34:43 [INFO] View단 처리 완료 후 수행
2023-05-10 12:34:48 [INFO] 후처리 수행
2023-05-10 12:34:48 [INFO] View단 처리 완료 후 수행
2023-05-10 12:34:48 [INFO] 후처리 수행
2023-05-10 12:34:48 [INFO] View단 처리 완료 후 수행
2023-05-10 12:34:48 [INFO] 후처리 수행
2023-05-10 12:34:48 [INFO] View단 처리 완료 후 수행
2023-05-10 12:34:48 [INFO] 후처리 수행
2023-05-10 12:34:48 [INFO] 후처리 수행
2023-05-10 12:34:48 [INFO] View단 처리 완료 후 수행
2023-05-10 12:34:48 [INFO] View단 처리 완료 후 수행
2023-05-10 12:35:06 [INFO] 후처리 수행
2023-05-10 12:35:06 [INFO] View단 처리 완료 후 수행
2023-05-10 12:35:06 [INFO] 후처리 수행
2023-05-10 12:35:06 [INFO] View단 처리 완료 후 수행
2023-05-10 12:35:06 [INFO] 후처리 수행
2023-05-10 12:35:06 [INFO] View단 처리 완료 후 수행
2023-05-10 12:35:06 [INFO] 후처리 수행
2023-05-10 12:35:06 [INFO] View단 처리 완료 후 수행
2023-05-10 12:35:06 [INFO] 후처리 수행
2023-05-10 12:35:06 [INFO] View단 처리 완료 후 수행
2023-05-10 12:35:06 [INFO] 후처리 수행
2023-05-10 12:35:06 [INFO] View단 처리 완료 후 수행
2023-05-10 12:35:06 [INFO] 후처리 수행
2023-05-10 12:35:06 [INFO] View단 처리 완료 후 수행
2023-05-10 12:35:06 [INFO] 후처리 수행
2023-05-10 12:35:06 [INFO] View단 처리 완료 후 수행
2023-05-10 12:35:06 [INFO] 후처리 수행
2023-05-10 12:35:06 [INFO] View단 처리 완료 후 수행
2023-05-10 12:35:06 [INFO] 후처리 수행
2023-05-10 12:35:06 [INFO] 후처리 수행
2023-05-10 12:35:06 [INFO] View단 처리 완료 후 수행
2023-05-10 12:35:06 [INFO] View단 처리 완료 후 수행
2023-05-10 12:35:06 [INFO] 후처리 수행
2023-05-10 12:35:06 [INFO] View단 처리 완료 후 수행
2023-05-10 12:35:08 [INFO] 후처리 수행
2023-05-10 12:35:08 [INFO] View단 처리 완료 후 수행
2023-05-10 12:35:08 [INFO] 후처리 수행
2023-05-10 12:35:08 [INFO] View단 처리 완료 후 수행
2023-05-10 12:35:08 [INFO] 후처리 수행
2023-05-10 12:35:08 [INFO] View단 처리 완료 후 수행
2023-05-10 12:35:12 [INFO] 로그인 기능 수행됨
2023-05-10 12:35:12 [DEBUG] pass01! / $2a$10$TI28GStqgasqPUF1AXlMxuMa8mq2QMEtUGSxEJ5UkHf93X.ubJruG
2023-05-10 12:35:12 [INFO] 후처리 수행
2023-05-10 12:35:12 [INFO] View단 처리 완료 후 수행
2023-05-10 12:35:12 [INFO] 후처리 수행
2023-05-10 12:35:12 [INFO] View단 처리 완료 후 수행
2023-05-10 12:35:13 [INFO] 후처리 수행
2023-05-10 12:35:13 [INFO] View단 처리 완료 후 수행
2023-05-10 12:35:13 [INFO] 후처리 수행
2023-05-10 12:35:13 [INFO] View단 처리 완료 후 수행
2023-05-10 12:35:13 [INFO] 후처리 수행
2023-05-10 12:35:13 [INFO] View단 처리 완료 후 수행
2023-05-10 12:35:13 [INFO] 후처리 수행
2023-05-10 12:35:13 [INFO] View단 처리 완료 후 수행
2023-05-10 12:35:13 [INFO] 후처리 수행
2023-05-10 12:35:13 [INFO] View단 처리 완료 후 수행
2023-05-10 12:35:15 [INFO] 후처리 수행
2023-05-10 12:35:15 [INFO] View단 처리 완료 후 수행
2023-05-10 12:35:15 [INFO] 후처리 수행
2023-05-10 12:35:15 [INFO] View단 처리 완료 후 수행
2023-05-10 12:35:15 [INFO] 후처리 수행
2023-05-10 12:35:15 [INFO] View단 처리 완료 후 수행
2023-05-10 12:35:15 [INFO] 후처리 수행
2023-05-10 12:35:15 [INFO] View단 처리 완료 후 수행
2023-05-10 12:35:15 [INFO] 후처리 수행
2023-05-10 12:35:15 [INFO] View단 처리 완료 후 수행
2023-05-10 12:35:17 [INFO] 후처리 수행
2023-05-10 12:35:17 [INFO] View단 처리 완료 후 수행
2023-05-10 12:35:17 [INFO] 후처리 수행
2023-05-10 12:35:17 [INFO] View단 처리 완료 후 수행
2023-05-10 12:35:17 [INFO] 후처리 수행
2023-05-10 12:35:17 [INFO] View단 처리 완료 후 수행
2023-05-10 12:35:17 [INFO] 후처리 수행
2023-05-10 12:35:17 [INFO] View단 처리 완료 후 수행
2023-05-10 12:35:17 [INFO] 후처리 수행
2023-05-10 12:35:17 [INFO] View단 처리 완료 후 수행
2023-05-10 12:35:17 [INFO] 후처리 수행
2023-05-10 12:35:17 [INFO] 후처리 수행
2023-05-10 12:35:17 [INFO] View단 처리 완료 후 수행
2023-05-10 12:35:17 [INFO] View단 처리 완료 후 수행
2023-05-10 12:35:25 [INFO] 후처리 수행
2023-05-10 12:35:25 [INFO] View단 처리 완료 후 수행
2023-05-10 12:35:25 [INFO] 후처리 수행
2023-05-10 12:35:25 [INFO] View단 처리 완료 후 수행
2023-05-10 12:35:25 [INFO] 후처리 수행
2023-05-10 12:35:25 [INFO] View단 처리 완료 후 수행
2023-05-10 12:35:25 [INFO] 후처리 수행
2023-05-10 12:35:25 [INFO] View단 처리 완료 후 수행
2023-05-10 12:35:25 [INFO] 후처리 수행
2023-05-10 12:35:25 [INFO] View단 처리 완료 후 수행
2023-05-10 12:35:25 [INFO] 후처리 수행
2023-05-10 12:35:25 [INFO] View단 처리 완료 후 수행
2023-05-10 12:39:17 [INFO] 초기화 필터 파괴
2023-05-10 12:39:21 [INFO] 초기화 필터 생성
2023-05-10 12:39:24 [INFO] 후처리 수행
2023-05-10 12:39:24 [INFO] View단 처리 완료 후 수행
2023-05-10 12:39:25 [INFO] 후처리 수행
2023-05-10 12:39:25 [INFO] View단 처리 완료 후 수행
2023-05-10 12:39:29 [INFO] 로그인 기능 수행됨
2023-05-10 12:39:29 [DEBUG] pass01! / $2a$10$M3OzYs82ojcQZ1nEj6jP6ehJfI4xNi8WRTSCECGJNEAUPQbVeOuCa
2023-05-10 12:39:29 [INFO] 후처리 수행
2023-05-10 12:39:29 [INFO] View단 처리 완료 후 수행
2023-05-10 12:39:29 [INFO] 후처리 수행
2023-05-10 12:39:29 [INFO] View단 처리 완료 후 수행
2023-05-10 12:39:32 [INFO] 후처리 수행
2023-05-10 12:39:32 [INFO] View단 처리 완료 후 수행
2023-05-10 12:39:32 [INFO] 후처리 수행
2023-05-10 12:39:32 [INFO] View단 처리 완료 후 수행
2023-05-10 12:39:33 [INFO] 후처리 수행
2023-05-10 12:39:34 [INFO] View단 처리 완료 후 수행
2023-05-10 12:39:34 [INFO] 후처리 수행
2023-05-10 12:39:34 [INFO] View단 처리 완료 후 수행
2023-05-10 12:39:34 [INFO] 후처리 수행
2023-05-10 12:39:34 [INFO] View단 처리 완료 후 수행
2023-05-10 12:39:34 [INFO] 후처리 수행
2023-05-10 12:39:34 [INFO] View단 처리 완료 후 수행
2023-05-10 12:39:34 [INFO] 후처리 수행
2023-05-10 12:39:34 [INFO] View단 처리 완료 후 수행
2023-05-10 12:39:45 [INFO] 후처리 수행
2023-05-10 12:39:45 [INFO] View단 처리 완료 후 수행
2023-05-10 12:39:45 [INFO] 후처리 수행
2023-05-10 12:39:45 [INFO] View단 처리 완료 후 수행
2023-05-10 12:39:47 [INFO] 후처리 수행
2023-05-10 12:39:47 [INFO] View단 처리 완료 후 수행
2023-05-10 12:39:47 [INFO] 후처리 수행
2023-05-10 12:39:47 [INFO] View단 처리 완료 후 수행
2023-05-10 12:39:48 [INFO] 후처리 수행
2023-05-10 12:39:48 [INFO] View단 처리 완료 후 수행
2023-05-10 12:39:48 [INFO] 후처리 수행
2023-05-10 12:39:48 [INFO] View단 처리 완료 후 수행
2023-05-10 12:39:49 [INFO] 후처리 수행
2023-05-10 12:39:49 [INFO] View단 처리 완료 후 수행
2023-05-10 12:39:49 [INFO] 후처리 수행
2023-05-10 12:39:49 [INFO] View단 처리 완료 후 수행
2023-05-10 12:39:49 [INFO] 후처리 수행
2023-05-10 12:39:49 [INFO] View단 처리 완료 후 수행
2023-05-10 12:39:50 [INFO] 후처리 수행
2023-05-10 12:39:50 [INFO] View단 처리 완료 후 수행
2023-05-10 12:39:50 [INFO] 후처리 수행
2023-05-10 12:39:50 [INFO] View단 처리 완료 후 수행
2023-05-10 12:39:50 [INFO] 후처리 수행
2023-05-10 12:39:50 [INFO] View단 처리 완료 후 수행
2023-05-10 12:39:50 [INFO] 후처리 수행
2023-05-10 12:39:50 [INFO] View단 처리 완료 후 수행
2023-05-10 12:39:50 [INFO] 후처리 수행
2023-05-10 12:39:50 [INFO] View단 처리 완료 후 수행
2023-05-10 12:39:53 [INFO] 후처리 수행
2023-05-10 12:39:53 [INFO] View단 처리 완료 후 수행
2023-05-10 12:39:53 [INFO] 후처리 수행
2023-05-10 12:39:53 [INFO] View단 처리 완료 후 수행
2023-05-10 12:39:57 [INFO] 로그인 기능 수행됨
2023-05-10 12:39:57 [DEBUG] pass01! / $2a$10$qtJUdqHf6RAljuBLeYA29.tOSEOBqSwWp/sP2lvNsmClHJ4wP62I2
2023-05-10 12:39:57 [INFO] 후처리 수행
2023-05-10 12:39:57 [INFO] View단 처리 완료 후 수행
2023-05-10 12:39:57 [INFO] 후처리 수행
2023-05-10 12:39:57 [INFO] View단 처리 완료 후 수행
2023-05-10 12:39:58 [INFO] 후처리 수행
2023-05-10 12:39:58 [INFO] View단 처리 완료 후 수행
2023-05-10 12:39:58 [INFO] 후처리 수행
2023-05-10 12:39:58 [INFO] View단 처리 완료 후 수행
2023-05-10 12:39:59 [INFO] 후처리 수행
2023-05-10 12:39:59 [INFO] View단 처리 완료 후 수행
2023-05-10 12:39:59 [INFO] 후처리 수행
2023-05-10 12:39:59 [INFO] View단 처리 완료 후 수행
2023-05-10 12:39:59 [INFO] 후처리 수행
2023-05-10 12:39:59 [INFO] View단 처리 완료 후 수행
2023-05-10 12:39:59 [INFO] 후처리 수행
2023-05-10 12:39:59 [INFO] 후처리 수행
2023-05-10 12:39:59 [INFO] View단 처리 완료 후 수행
2023-05-10 12:39:59 [INFO] View단 처리 완료 후 수행
2023-05-10 12:40:30 [INFO] 후처리 수행
2023-05-10 12:40:30 [INFO] View단 처리 완료 후 수행
2023-05-10 12:41:19 [INFO] 후처리 수행
2023-05-10 12:41:20 [INFO] View단 처리 완료 후 수행
2023-05-10 12:41:20 [INFO] 후처리 수행
2023-05-10 12:41:20 [INFO] View단 처리 완료 후 수행
2023-05-10 12:41:20 [INFO] 후처리 수행
2023-05-10 12:41:20 [INFO] View단 처리 완료 후 수행
2023-05-10 12:41:20 [INFO] 후처리 수행
2023-05-10 12:41:20 [INFO] View단 처리 완료 후 수행
2023-05-10 12:41:20 [INFO] 후처리 수행
2023-05-10 12:41:20 [INFO] View단 처리 완료 후 수행
2023-05-10 12:41:20 [INFO] 후처리 수행
2023-05-10 12:41:20 [INFO] View단 처리 완료 후 수행
2023-05-10 12:41:22 [INFO] 후처리 수행
2023-05-10 12:41:22 [INFO] View단 처리 완료 후 수행
2023-05-10 12:41:22 [INFO] 후처리 수행
2023-05-10 12:41:22 [INFO] View단 처리 완료 후 수행
2023-05-10 12:41:43 [INFO] 후처리 수행
2023-05-10 12:41:43 [INFO] View단 처리 완료 후 수행
2023-05-10 12:41:43 [INFO] 후처리 수행
2023-05-10 12:41:43 [INFO] View단 처리 완료 후 수행
2023-05-10 12:41:43 [INFO] 후처리 수행
2023-05-10 12:41:43 [INFO] 후처리 수행
2023-05-10 12:41:43 [INFO] View단 처리 완료 후 수행
2023-05-10 12:41:43 [INFO] View단 처리 완료 후 수행
2023-05-10 12:41:43 [INFO] 후처리 수행
2023-05-10 12:41:43 [INFO] View단 처리 완료 후 수행
2023-05-10 12:41:43 [INFO] 후처리 수행
2023-05-10 12:41:43 [INFO] View단 처리 완료 후 수행
2023-05-10 12:41:43 [INFO] 후처리 수행
2023-05-10 12:41:43 [INFO] View단 처리 완료 후 수행
2023-05-10 12:41:43 [INFO] 후처리 수행
2023-05-10 12:41:43 [INFO] View단 처리 완료 후 수행
2023-05-10 12:41:46 [INFO] 후처리 수행
2023-05-10 12:41:46 [INFO] View단 처리 완료 후 수행
2023-05-10 12:41:46 [INFO] 후처리 수행
2023-05-10 12:41:46 [INFO] View단 처리 완료 후 수행
2023-05-10 12:41:46 [INFO] 후처리 수행
2023-05-10 12:41:46 [INFO] 후처리 수행
2023-05-10 12:41:46 [INFO] View단 처리 완료 후 수행
2023-05-10 12:41:46 [INFO] View단 처리 완료 후 수행
2023-05-10 12:41:46 [INFO] 후처리 수행
2023-05-10 12:41:46 [INFO] View단 처리 완료 후 수행
2023-05-10 12:42:20 [INFO] 후처리 수행
2023-05-10 12:42:20 [INFO] View단 처리 완료 후 수행
2023-05-10 12:42:20 [INFO] 후처리 수행
2023-05-10 12:42:20 [INFO] View단 처리 완료 후 수행
2023-05-10 12:42:20 [INFO] 후처리 수행
2023-05-10 12:42:20 [INFO] View단 처리 완료 후 수행
2023-05-10 12:42:45 [INFO] 후처리 수행
2023-05-10 12:42:45 [INFO] View단 처리 완료 후 수행
2023-05-10 12:42:45 [INFO] 후처리 수행
2023-05-10 12:42:45 [INFO] View단 처리 완료 후 수행
2023-05-10 12:42:45 [INFO] 후처리 수행
2023-05-10 12:42:45 [INFO] View단 처리 완료 후 수행
2023-05-10 12:42:45 [INFO] 후처리 수행
2023-05-10 12:42:45 [INFO] View단 처리 완료 후 수행
2023-05-10 12:42:49 [INFO] 후처리 수행
2023-05-10 12:42:49 [INFO] View단 처리 완료 후 수행
2023-05-10 12:42:50 [INFO] 후처리 수행
2023-05-10 12:42:50 [INFO] View단 처리 완료 후 수행
2023-05-10 12:42:50 [INFO] 후처리 수행
2023-05-10 12:42:50 [INFO] 후처리 수행
2023-05-10 12:42:50 [INFO] View단 처리 완료 후 수행
2023-05-10 12:42:50 [INFO] View단 처리 완료 후 수행
2023-05-10 12:42:53 [INFO] 후처리 수행
2023-05-10 12:42:53 [INFO] View단 처리 완료 후 수행
2023-05-10 12:42:53 [INFO] 후처리 수행
2023-05-10 12:42:53 [INFO] View단 처리 완료 후 수행
2023-05-10 12:42:53 [INFO] 후처리 수행
2023-05-10 12:42:53 [INFO] View단 처리 완료 후 수행
2023-05-10 12:43:04 [INFO] 후처리 수행
2023-05-10 12:43:04 [INFO] View단 처리 완료 후 수행
2023-05-10 12:43:04 [INFO] 후처리 수행
2023-05-10 12:43:04 [INFO] View단 처리 완료 후 수행
2023-05-10 12:43:04 [INFO] 후처리 수행
2023-05-10 12:43:04 [INFO] View단 처리 완료 후 수행
2023-05-10 12:43:04 [INFO] 후처리 수행
2023-05-10 12:43:04 [INFO] View단 처리 완료 후 수행
2023-05-10 12:43:04 [INFO] 후처리 수행
2023-05-10 12:43:04 [INFO] View단 처리 완료 후 수행
2023-05-10 12:43:07 [INFO] 후처리 수행
2023-05-10 12:43:07 [INFO] View단 처리 완료 후 수행
2023-05-10 12:43:07 [INFO] 후처리 수행
2023-05-10 12:43:07 [INFO] View단 처리 완료 후 수행
2023-05-10 12:43:11 [INFO] 후처리 수행
2023-05-10 12:43:11 [INFO] View단 처리 완료 후 수행
2023-05-10 12:43:11 [INFO] 후처리 수행
2023-05-10 12:43:11 [INFO] View단 처리 완료 후 수행
2023-05-10 12:43:11 [INFO] 후처리 수행
2023-05-10 12:43:11 [INFO] View단 처리 완료 후 수행
2023-05-10 12:43:11 [INFO] 후처리 수행
2023-05-10 12:43:11 [INFO] View단 처리 완료 후 수행
2023-05-10 12:43:14 [INFO] 후처리 수행
2023-05-10 12:43:14 [INFO] View단 처리 완료 후 수행
2023-05-10 12:43:14 [INFO] 후처리 수행
2023-05-10 12:43:14 [INFO] View단 처리 완료 후 수행
2023-05-10 12:43:20 [INFO] 후처리 수행
2023-05-10 12:43:20 [INFO] View단 처리 완료 후 수행
2023-05-10 12:44:16 [INFO] 후처리 수행
2023-05-10 12:44:16 [INFO] View단 처리 완료 후 수행
2023-05-10 12:44:16 [INFO] 후처리 수행
2023-05-10 12:44:16 [INFO] View단 처리 완료 후 수행
2023-05-10 14:12:27 [INFO] 초기화 필터 파괴
2023-05-10 14:12:31 [INFO] 초기화 필터 생성
2023-05-10 14:12:36 [INFO] 후처리 수행
2023-05-10 14:12:36 [INFO] View단 처리 완료 후 수행
2023-05-10 14:12:36 [INFO] 후처리 수행
2023-05-10 14:12:36 [INFO] View단 처리 완료 후 수행
2023-05-10 14:12:36 [INFO] 후처리 수행
2023-05-10 14:12:36 [INFO] View단 처리 완료 후 수행
2023-05-10 14:12:36 [INFO] 후처리 수행
2023-05-10 14:12:36 [INFO] View단 처리 완료 후 수행
2023-05-10 14:12:36 [INFO] 후처리 수행
2023-05-10 14:12:36 [INFO] View단 처리 완료 후 수행
2023-05-10 14:12:41 [INFO] 로그인 기능 수행됨
2023-05-10 14:12:41 [DEBUG] pass01! / $2a$10$AALcg36BsENNdlwZkxTJCOrKBJWeCNshFDbK0wHOavHotJY8b0UWS
2023-05-10 14:12:41 [INFO] 후처리 수행
2023-05-10 14:12:41 [INFO] View단 처리 완료 후 수행
2023-05-10 14:12:41 [INFO] 후처리 수행
2023-05-10 14:12:41 [INFO] View단 처리 완료 후 수행
2023-05-10 14:12:41 [INFO] 후처리 수행
2023-05-10 14:12:41 [INFO] View단 처리 완료 후 수행
2023-05-10 14:12:43 [INFO] 후처리 수행
2023-05-10 14:12:43 [INFO] View단 처리 완료 후 수행
2023-05-10 14:12:43 [INFO] 후처리 수행
2023-05-10 14:12:43 [INFO] View단 처리 완료 후 수행
2023-05-10 14:12:43 [INFO] 후처리 수행
2023-05-10 14:12:43 [INFO] View단 처리 완료 후 수행
2023-05-10 14:12:43 [INFO] 후처리 수행
2023-05-10 14:12:43 [INFO] View단 처리 완료 후 수행
2023-05-10 14:12:43 [INFO] 후처리 수행
2023-05-10 14:12:43 [INFO] View단 처리 완료 후 수행
2023-05-10 14:12:45 [INFO] 후처리 수행
2023-05-10 14:12:45 [INFO] View단 처리 완료 후 수행
2023-05-10 14:12:45 [INFO] 후처리 수행
2023-05-10 14:12:45 [INFO] View단 처리 완료 후 수행
2023-05-10 14:12:45 [INFO] 후처리 수행
2023-05-10 14:12:45 [INFO] View단 처리 완료 후 수행
2023-05-10 14:12:45 [INFO] 후처리 수행
2023-05-10 14:12:45 [INFO] View단 처리 완료 후 수행
2023-05-10 14:12:45 [INFO] 후처리 수행
2023-05-10 14:12:45 [INFO] View단 처리 완료 후 수행
2023-05-10 14:12:45 [INFO] 후처리 수행
2023-05-10 14:12:45 [INFO] View단 처리 완료 후 수행
2023-05-10 14:12:45 [INFO] 후처리 수행
2023-05-10 14:12:45 [INFO] View단 처리 완료 후 수행
2023-05-10 14:12:45 [INFO] 후처리 수행
2023-05-10 14:12:45 [INFO] View단 처리 완료 후 수행
2023-05-10 14:12:48 [INFO] 후처리 수행
2023-05-10 14:12:48 [INFO] View단 처리 완료 후 수행
2023-05-10 14:12:48 [INFO] 후처리 수행
2023-05-10 14:12:48 [INFO] View단 처리 완료 후 수행
2023-05-10 14:12:52 [INFO] 후처리 수행
2023-05-10 14:12:52 [INFO] View단 처리 완료 후 수행
2023-05-10 14:12:56 [INFO] 후처리 수행
2023-05-10 14:12:56 [INFO] View단 처리 완료 후 수행
2023-05-10 14:12:56 [INFO] 후처리 수행
2023-05-10 14:12:56 [INFO] View단 처리 완료 후 수행
2023-05-10 14:20:22 [INFO] 후처리 수행
2023-05-10 14:20:22 [INFO] View단 처리 완료 후 수행
2023-05-10 14:20:23 [INFO] 후처리 수행
2023-05-10 14:20:23 [INFO] View단 처리 완료 후 수행
2023-05-10 14:20:25 [INFO] 후처리 수행
2023-05-10 14:20:25 [INFO] View단 처리 완료 후 수행
2023-05-10 14:20:27 [INFO] 후처리 수행
2023-05-10 14:20:27 [INFO] View단 처리 완료 후 수행
2023-05-10 14:20:29 [INFO] 후처리 수행
2023-05-10 14:20:29 [INFO] View단 처리 완료 후 수행
2023-05-10 14:20:32 [INFO] 후처리 수행
2023-05-10 14:20:32 [INFO] View단 처리 완료 후 수행
2023-05-10 14:20:33 [INFO] 후처리 수행
2023-05-10 14:20:33 [INFO] View단 처리 완료 후 수행
2023-05-10 14:21:21 [INFO] 후처리 수행
2023-05-10 14:21:21 [INFO] View단 처리 완료 후 수행
2023-05-10 14:27:23 [INFO] 초기화 필터 생성
2023-05-10 14:27:27 [INFO] 후처리 수행
2023-05-10 14:27:28 [INFO] View단 처리 완료 후 수행
2023-05-10 14:27:28 [INFO] 후처리 수행
2023-05-10 14:27:28 [INFO] View단 처리 완료 후 수행
2023-05-10 14:27:28 [INFO] 후처리 수행
2023-05-10 14:27:28 [INFO] View단 처리 완료 후 수행
2023-05-10 14:27:28 [INFO] 후처리 수행
2023-05-10 14:27:28 [INFO] View단 처리 완료 후 수행
2023-05-10 14:27:28 [INFO] 후처리 수행
2023-05-10 14:27:28 [INFO] View단 처리 완료 후 수행
2023-05-10 14:27:29 [INFO] 후처리 수행
2023-05-10 14:27:29 [INFO] View단 처리 완료 후 수행
2023-05-10 14:27:29 [INFO] 후처리 수행
2023-05-10 14:27:29 [INFO] View단 처리 완료 후 수행
2023-05-10 14:27:29 [INFO] 후처리 수행
2023-05-10 14:27:29 [INFO] View단 처리 완료 후 수행
2023-05-10 14:27:29 [INFO] 후처리 수행
2023-05-10 14:27:29 [INFO] View단 처리 완료 후 수행
2023-05-10 14:27:29 [INFO] 후처리 수행
2023-05-10 14:27:29 [INFO] View단 처리 완료 후 수행
2023-05-10 14:27:30 [INFO] 후처리 수행
2023-05-10 14:27:30 [INFO] View단 처리 완료 후 수행
2023-05-10 14:27:30 [INFO] 후처리 수행
2023-05-10 14:27:30 [INFO] 후처리 수행
2023-05-10 14:27:30 [INFO] View단 처리 완료 후 수행
2023-05-10 14:27:30 [INFO] View단 처리 완료 후 수행
2023-05-10 14:27:30 [INFO] 후처리 수행
2023-05-10 14:27:30 [INFO] View단 처리 완료 후 수행
2023-05-10 14:27:30 [INFO] 후처리 수행
2023-05-10 14:27:30 [INFO] View단 처리 완료 후 수행
2023-05-10 14:27:30 [INFO] 후처리 수행
2023-05-10 14:27:30 [INFO] 후처리 수행
2023-05-10 14:27:30 [INFO] View단 처리 완료 후 수행
2023-05-10 14:27:30 [INFO] View단 처리 완료 후 수행
2023-05-10 14:27:30 [INFO] 후처리 수행
2023-05-10 14:27:30 [INFO] View단 처리 완료 후 수행
2023-05-10 14:27:30 [INFO] 후처리 수행
2023-05-10 14:27:30 [INFO] View단 처리 완료 후 수행
2023-05-10 14:35:23 [INFO] 후처리 수행
2023-05-10 14:35:23 [INFO] View단 처리 완료 후 수행
2023-05-10 14:35:23 [INFO] 후처리 수행
2023-05-10 14:35:23 [INFO] View단 처리 완료 후 수행
2023-05-10 14:35:33 [INFO] 후처리 수행
2023-05-10 14:35:33 [INFO] View단 처리 완료 후 수행
2023-05-10 14:35:43 [INFO] 후처리 수행
2023-05-10 14:35:43 [INFO] View단 처리 완료 후 수행
2023-05-10 14:35:45 [INFO] 로그인 기능 수행됨
2023-05-10 14:35:45 [DEBUG] pass01! / $2a$10$Bxni1RHIPzv49tHz6q8pkeQ78EMuQ7moDjDSA4DtSdkLTqnC.2Shm
2023-05-10 14:35:45 [INFO] 후처리 수행
2023-05-10 14:35:45 [INFO] View단 처리 완료 후 수행
2023-05-10 14:35:45 [INFO] 후처리 수행
2023-05-10 14:35:45 [INFO] View단 처리 완료 후 수행
2023-05-10 14:35:46 [INFO] 후처리 수행
2023-05-10 14:35:46 [INFO] View단 처리 완료 후 수행
2023-05-10 14:35:48 [INFO] 후처리 수행
2023-05-10 14:35:48 [INFO] View단 처리 완료 후 수행
2023-05-10 14:35:51 [INFO] 후처리 수행
2023-05-10 14:35:51 [INFO] View단 처리 완료 후 수행
2023-05-10 14:35:54 [INFO] 후처리 수행
2023-05-10 14:35:54 [INFO] View단 처리 완료 후 수행
2023-05-10 14:35:54 [INFO] 후처리 수행
2023-05-10 14:35:54 [INFO] View단 처리 완료 후 수행
2023-05-10 14:35:54 [INFO] 후처리 수행
2023-05-10 14:35:54 [INFO] View단 처리 완료 후 수행
2023-05-10 14:36:05 [INFO] 후처리 수행
2023-05-10 14:36:05 [INFO] View단 처리 완료 후 수행
2023-05-10 14:36:05 [INFO] 후처리 수행
2023-05-10 14:36:05 [INFO] View단 처리 완료 후 수행
2023-05-10 14:36:05 [INFO] 후처리 수행
2023-05-10 14:36:05 [INFO] View단 처리 완료 후 수행
2023-05-10 14:36:08 [INFO] 후처리 수행
2023-05-10 14:36:08 [INFO] View단 처리 완료 후 수행
2023-05-10 14:36:08 [INFO] 후처리 수행
2023-05-10 14:36:08 [INFO] View단 처리 완료 후 수행
2023-05-10 14:36:16 [INFO] 후처리 수행
2023-05-10 14:36:16 [INFO] View단 처리 완료 후 수행
2023-05-10 14:36:16 [INFO] 후처리 수행
2023-05-10 14:36:16 [INFO] View단 처리 완료 후 수행
2023-05-10 14:36:16 [INFO] 후처리 수행
2023-05-10 14:36:16 [INFO] View단 처리 완료 후 수행
2023-05-10 14:36:16 [INFO] 후처리 수행
2023-05-10 14:36:16 [INFO] View단 처리 완료 후 수행
2023-05-10 14:36:16 [INFO] 후처리 수행
2023-05-10 14:36:16 [INFO] View단 처리 완료 후 수행
2023-05-10 14:36:21 [INFO] 후처리 수행
2023-05-10 14:36:21 [INFO] View단 처리 완료 후 수행
2023-05-10 14:36:22 [INFO] 후처리 수행
2023-05-10 14:36:22 [INFO] View단 처리 완료 후 수행
2023-05-10 14:36:26 [INFO] 후처리 수행
2023-05-10 14:36:26 [INFO] View단 처리 완료 후 수행
2023-05-10 14:36:27 [INFO] 후처리 수행
2023-05-10 14:36:27 [INFO] View단 처리 완료 후 수행
2023-05-10 14:36:33 [INFO] 후처리 수행
2023-05-10 14:36:33 [INFO] View단 처리 완료 후 수행
2023-05-10 14:36:34 [INFO] 후처리 수행
2023-05-10 14:36:34 [INFO] View단 처리 완료 후 수행
2023-05-10 14:36:52 [INFO] 후처리 수행
2023-05-10 14:36:52 [INFO] View단 처리 완료 후 수행
2023-05-10 14:36:53 [INFO] 후처리 수행
2023-05-10 14:36:53 [INFO] View단 처리 완료 후 수행
2023-05-10 14:37:00 [INFO] 후처리 수행
2023-05-10 14:37:00 [INFO] View단 처리 완료 후 수행
2023-05-10 14:37:01 [INFO] 후처리 수행
2023-05-10 14:37:01 [INFO] View단 처리 완료 후 수행
2023-05-10 14:37:06 [INFO] 후처리 수행
2023-05-10 14:37:06 [INFO] View단 처리 완료 후 수행
2023-05-10 14:37:08 [INFO] 후처리 수행
2023-05-10 14:37:08 [INFO] View단 처리 완료 후 수행
2023-05-10 14:37:40 [INFO] 후처리 수행
2023-05-10 14:37:40 [INFO] View단 처리 완료 후 수행
2023-05-10 14:37:41 [INFO] 후처리 수행
2023-05-10 14:37:41 [INFO] View단 처리 완료 후 수행
2023-05-10 15:13:50 [INFO] 초기화 필터 파괴
2023-05-10 15:14:18 [INFO] 초기화 필터 생성
2023-05-10 15:14:21 [INFO] 후처리 수행
2023-05-10 15:14:21 [INFO] View단 처리 완료 후 수행
2023-05-10 15:14:21 [INFO] 후처리 수행
2023-05-10 15:14:21 [INFO] View단 처리 완료 후 수행
2023-05-10 15:14:21 [INFO] 후처리 수행
2023-05-10 15:14:21 [INFO] View단 처리 완료 후 수행
2023-05-10 15:14:21 [INFO] 후처리 수행
2023-05-10 15:14:21 [INFO] View단 처리 완료 후 수행
2023-05-10 15:14:21 [INFO] 후처리 수행
2023-05-10 15:14:21 [INFO] View단 처리 완료 후 수행
2023-05-10 15:14:29 [INFO] 로그인 기능 수행됨
2023-05-10 15:14:29 [DEBUG] pass01! / $2a$10$zcq6wbBidSXyU0DNM206m.4c47yUhLAqf4CjhW7zKSZ4F2vq5.Gre
2023-05-10 15:14:29 [INFO] 후처리 수행
2023-05-10 15:14:29 [INFO] View단 처리 완료 후 수행
2023-05-10 15:14:29 [INFO] 후처리 수행
2023-05-10 15:14:29 [INFO] View단 처리 완료 후 수행
2023-05-10 15:14:29 [INFO] 후처리 수행
2023-05-10 15:14:29 [INFO] View단 처리 완료 후 수행
2023-05-10 15:14:30 [INFO] 후처리 수행
2023-05-10 15:14:30 [INFO] View단 처리 완료 후 수행
2023-05-10 15:14:30 [INFO] 후처리 수행
2023-05-10 15:14:30 [INFO] View단 처리 완료 후 수행
2023-05-10 15:14:30 [INFO] 후처리 수행
2023-05-10 15:14:30 [INFO] View단 처리 완료 후 수행
2023-05-10 15:14:30 [INFO] 후처리 수행
2023-05-10 15:14:30 [INFO] View단 처리 완료 후 수행
2023-05-10 15:14:30 [INFO] 후처리 수행
2023-05-10 15:14:30 [INFO] 후처리 수행
2023-05-10 15:14:30 [INFO] View단 처리 완료 후 수행
2023-05-10 15:14:30 [INFO] View단 처리 완료 후 수행
2023-05-10 15:14:31 [INFO] 후처리 수행
2023-05-10 15:14:31 [INFO] View단 처리 완료 후 수행
2023-05-10 15:14:31 [INFO] 후처리 수행
2023-05-10 15:14:31 [INFO] 후처리 수행
2023-05-10 15:14:31 [INFO] View단 처리 완료 후 수행
2023-05-10 15:14:31 [INFO] View단 처리 완료 후 수행
2023-05-10 15:14:31 [INFO] 후처리 수행
2023-05-10 15:14:31 [INFO] View단 처리 완료 후 수행
2023-05-10 15:14:31 [INFO] 후처리 수행
2023-05-10 15:14:31 [INFO] View단 처리 완료 후 수행
2023-05-10 15:14:31 [INFO] 후처리 수행
2023-05-10 15:14:31 [INFO] View단 처리 완료 후 수행
2023-05-10 15:14:41 [INFO] View단 처리 완료 후 수행
2023-05-10 15:14:51 [INFO] View단 처리 완료 후 수행
2023-05-10 15:15:00 [INFO] 후처리 수행
2023-05-10 15:15:00 [INFO] View단 처리 완료 후 수행
2023-05-10 15:15:01 [INFO] 후처리 수행
2023-05-10 15:15:01 [INFO] View단 처리 완료 후 수행
2023-05-10 15:15:04 [INFO] 후처리 수행
2023-05-10 15:15:04 [INFO] View단 처리 완료 후 수행
2023-05-10 15:15:05 [INFO] 후처리 수행
2023-05-10 15:15:05 [INFO] View단 처리 완료 후 수행
2023-05-10 15:19:52 [INFO] 후처리 수행
2023-05-10 15:19:52 [INFO] View단 처리 완료 후 수행
2023-05-10 15:19:53 [INFO] 후처리 수행
2023-05-10 15:19:53 [INFO] View단 처리 완료 후 수행
2023-05-10 15:19:53 [INFO] 후처리 수행
2023-05-10 15:19:53 [INFO] View단 처리 완료 후 수행
2023-05-10 15:19:54 [INFO] 후처리 수행
2023-05-10 15:19:54 [INFO] View단 처리 완료 후 수행
2023-05-10 15:19:54 [INFO] 후처리 수행
2023-05-10 15:19:54 [INFO] View단 처리 완료 후 수행
2023-05-10 15:19:54 [INFO] 후처리 수행
2023-05-10 15:19:54 [INFO] View단 처리 완료 후 수행
2023-05-10 15:19:58 [INFO] 후처리 수행
2023-05-10 15:19:58 [INFO] View단 처리 완료 후 수행
2023-05-10 15:19:59 [INFO] 후처리 수행
2023-05-10 15:19:59 [INFO] View단 처리 완료 후 수행
2023-05-10 15:20:06 [INFO] View단 처리 완료 후 수행
2023-05-10 15:23:53 [INFO] 초기화 필터 생성
2023-05-10 15:23:58 [INFO] 후처리 수행
2023-05-10 15:23:58 [INFO] View단 처리 완료 후 수행
2023-05-10 15:23:58 [INFO] 후처리 수행
2023-05-10 15:23:58 [INFO] View단 처리 완료 후 수행
2023-05-10 15:23:58 [INFO] 후처리 수행
2023-05-10 15:23:58 [INFO] View단 처리 완료 후 수행
2023-05-10 15:23:58 [INFO] 후처리 수행
2023-05-10 15:23:58 [INFO] View단 처리 완료 후 수행
2023-05-10 15:23:59 [INFO] 후처리 수행
2023-05-10 15:23:59 [INFO] View단 처리 완료 후 수행
2023-05-10 15:24:04 [INFO] 로그인 기능 수행됨
2023-05-10 15:24:04 [DEBUG] pass01! / $2a$10$n5UUBCfbvtrK5YmOLxN0fe5zAVA3NHJZZmFXA1k1jT8yIvSGIkM6u
2023-05-10 15:24:04 [INFO] 후처리 수행
2023-05-10 15:24:04 [INFO] View단 처리 완료 후 수행
2023-05-10 15:24:04 [INFO] 후처리 수행
2023-05-10 15:24:04 [INFO] View단 처리 완료 후 수행
2023-05-10 15:24:05 [INFO] 후처리 수행
2023-05-10 15:24:05 [INFO] View단 처리 완료 후 수행
2023-05-10 15:24:06 [INFO] 후처리 수행
2023-05-10 15:24:06 [INFO] View단 처리 완료 후 수행
2023-05-10 15:24:06 [INFO] 후처리 수행
2023-05-10 15:24:06 [INFO] View단 처리 완료 후 수행
2023-05-10 15:24:06 [INFO] 후처리 수행
2023-05-10 15:24:06 [INFO] View단 처리 완료 후 수행
2023-05-10 15:24:06 [INFO] 후처리 수행
2023-05-10 15:24:06 [INFO] View단 처리 완료 후 수행
2023-05-10 15:24:06 [INFO] 후처리 수행
2023-05-10 15:24:06 [INFO] View단 처리 완료 후 수행
2023-05-10 15:24:06 [INFO] 후처리 수행
2023-05-10 15:24:06 [INFO] View단 처리 완료 후 수행
2023-05-10 15:24:08 [INFO] 후처리 수행
2023-05-10 15:24:08 [INFO] View단 처리 완료 후 수행
2023-05-10 15:24:08 [INFO] 후처리 수행
2023-05-10 15:24:08 [INFO] View단 처리 완료 후 수행
2023-05-10 15:24:08 [INFO] 후처리 수행
2023-05-10 15:24:08 [INFO] View단 처리 완료 후 수행
2023-05-10 15:24:08 [INFO] 후처리 수행
2023-05-10 15:24:08 [INFO] View단 처리 완료 후 수행
2023-05-10 15:24:08 [INFO] 후처리 수행
2023-05-10 15:24:08 [INFO] View단 처리 완료 후 수행
2023-05-10 15:24:08 [INFO] 후처리 수행
2023-05-10 15:24:08 [INFO] View단 처리 완료 후 수행
2023-05-10 15:24:23 [INFO] View단 처리 완료 후 수행
2023-05-10 15:28:45 [INFO] 후처리 수행
2023-05-10 15:28:45 [INFO] View단 처리 완료 후 수행
2023-05-10 15:28:47 [INFO] 후처리 수행
2023-05-10 15:28:47 [INFO] View단 처리 완료 후 수행
2023-05-10 15:28:48 [INFO] 후처리 수행
2023-05-10 15:28:48 [INFO] View단 처리 완료 후 수행
2023-05-10 15:29:22 [INFO] View단 처리 완료 후 수행
2023-05-10 15:29:31 [INFO] View단 처리 완료 후 수행
2023-05-10 15:35:54 [INFO] View단 처리 완료 후 수행
2023-05-10 15:41:23 [INFO] 초기화 필터 생성
2023-05-10 15:41:27 [INFO] 후처리 수행
2023-05-10 15:41:27 [INFO] View단 처리 완료 후 수행
2023-05-10 15:41:27 [INFO] 후처리 수행
2023-05-10 15:41:27 [INFO] View단 처리 완료 후 수행
2023-05-10 15:41:32 [INFO] 로그인 기능 수행됨
2023-05-10 15:41:32 [DEBUG] pass01! / $2a$10$tghWaz7viAsGVHYCNNqcReJ4vnnwybVitvyXrW.W8dPOKu/qwdOJW
2023-05-10 15:41:32 [INFO] 후처리 수행
2023-05-10 15:41:32 [INFO] View단 처리 완료 후 수행
2023-05-10 15:41:32 [INFO] 후처리 수행
2023-05-10 15:41:32 [INFO] View단 처리 완료 후 수행
2023-05-10 15:41:34 [INFO] 후처리 수행
2023-05-10 15:41:34 [INFO] View단 처리 완료 후 수행
2023-05-10 15:41:34 [INFO] 후처리 수행
2023-05-10 15:41:34 [INFO] View단 처리 완료 후 수행
2023-05-10 15:41:36 [INFO] 후처리 수행
2023-05-10 15:41:36 [INFO] View단 처리 완료 후 수행
2023-05-10 15:41:36 [INFO] 후처리 수행
2023-05-10 15:41:36 [INFO] View단 처리 완료 후 수행
2023-05-10 15:41:36 [INFO] 후처리 수행
2023-05-10 15:41:36 [INFO] View단 처리 완료 후 수행
2023-05-10 15:41:41 [INFO] 후처리 수행
2023-05-10 15:41:41 [INFO] View단 처리 완료 후 수행
2023-05-10 15:41:41 [INFO] 후처리 수행
2023-05-10 15:41:41 [INFO] 후처리 수행
2023-05-10 15:41:41 [INFO] View단 처리 완료 후 수행
2023-05-10 15:41:41 [INFO] View단 처리 완료 후 수행
2023-05-10 15:41:45 [INFO] 후처리 수행
2023-05-10 15:41:45 [INFO] View단 처리 완료 후 수행
2023-05-10 15:41:54 [INFO] 후처리 수행
2023-05-10 15:41:54 [INFO] View단 처리 완료 후 수행
2023-05-10 15:41:55 [INFO] 후처리 수행
2023-05-10 15:41:55 [INFO] View단 처리 완료 후 수행
2023-05-10 15:42:09 [INFO] 후처리 수행
2023-05-10 15:42:09 [INFO] View단 처리 완료 후 수행
2023-05-10 15:42:10 [INFO] 후처리 수행
2023-05-10 15:42:10 [INFO] View단 처리 완료 후 수행
2023-05-10 15:42:13 [INFO] 후처리 수행
2023-05-10 15:42:13 [INFO] View단 처리 완료 후 수행
2023-05-10 15:42:14 [INFO] 후처리 수행
2023-05-10 15:42:14 [INFO] View단 처리 완료 후 수행
2023-05-10 15:42:19 [INFO] 후처리 수행
2023-05-10 15:42:19 [INFO] View단 처리 완료 후 수행
2023-05-10 15:42:21 [INFO] 후처리 수행
2023-05-10 15:42:21 [INFO] View단 처리 완료 후 수행
2023-05-10 15:42:26 [INFO] 후처리 수행
2023-05-10 15:42:26 [INFO] View단 처리 완료 후 수행
2023-05-10 15:42:28 [INFO] 후처리 수행
2023-05-10 15:42:28 [INFO] View단 처리 완료 후 수행
2023-05-10 15:42:31 [INFO] 후처리 수행
2023-05-10 15:42:31 [INFO] View단 처리 완료 후 수행
2023-05-10 15:42:33 [INFO] 후처리 수행
2023-05-10 15:42:33 [INFO] View단 처리 완료 후 수행
