
4월 21, 2023 09:02:41.701 NEW SESSION
4월 21, 2023 09:02:41.702 [12096:2228:0421/090241.699:ERROR:device_event_log_impl.cc(222)] [09:02:41.699] USB: usb_device_handle_win.cc:1046 Failed to read descriptor from node connection: 시스템에 부착된 장치가 작동하지 않습니다. (0x1F)
4월 21, 2023 09:02:41.897 INFO: Created TensorFlow Lite XNNPACK delegate for CPU.

4월 24, 2023 09:05:58.665 NEW SESSION
4월 24, 2023 09:05:58.665 [4192:4232:0424/090558.663:ERROR:device_event_log_impl.cc(222)] [09:05:58.663] USB: usb_device_handle_win.cc:1046 Failed to read descriptor from node connection: 시스템에 부착된 장치가 작동하지 않습니다. (0x1F)
4월 24, 2023 09:05:58.791 INFO: Created TensorFlow Lite XNNPACK delegate for CPU.

4월 27, 2023 13:53:49.239 NEW SESSION
4월 27, 2023 13:53:49.240 [7304:4440:0427/135349.227:ERROR:device_event_log_impl.cc(222)] [13:53:49.228] USB: usb_device_handle_win.cc:1046 Failed to read descriptor from node connection: 시스템에 부착된 장치가 작동하지 않습니다. (0x1F)
4월 27, 2023 13:53:49.427 INFO: Created TensorFlow Lite XNNPACK delegate for CPU.
4월 27, 2023 14:05:24.301 [5324:10992:0427/140524.299:ERROR:device_event_log_impl.cc(222)] [14:05:24.298] USB: usb_device_handle_win.cc:1046 Failed to read descriptor from node connection: 시스템에 부착된 장치가 작동하지 않습니다. (0x1F)
4월 27, 2023 14:05:24.442 INFO: Created TensorFlow Lite XNNPACK delegate for CPU.
4월 27, 2023 14:25:25.372 [17004:8792:0427/142525.372:ERROR:device_event_log_impl.cc(222)] [14:25:25.371] USB: usb_device_handle_win.cc:1046 Failed to read descriptor from node connection: 시스템에 부착된 장치가 작동하지 않습니다. (0x1F)
4월 27, 2023 14:25:25.519 INFO: Created TensorFlow Lite XNNPACK delegate for CPU.
4월 27, 2023 14:25:36.709 [0427/142536.707:ERROR:filesystem_win.cc(130)] GetFileAttributes C:\Users\JE\AppData\Local\Google\Chrome\User Data\Crashpad\attachments\c4597a58-0119-4aa9-bb7d-e7ff0fd8b639: 지정된 파일을 찾을 수 없습니다. (0x2)
4월 27, 2023 14:25:36.710 [0427/142536.709:ERROR:filesystem_win.cc(130)] GetFileAttributes C:\Users\JE\AppData\Local\Google\Chrome\User Data\Crashpad\attachments\c4597a58-0119-4aa9-bb7d-e7ff0fd8b639: 지정된 파일을 찾을 수 없습니다. (0x2)

4월 27, 2023 14:45:04.487 NEW SESSION
4월 27, 2023 14:45:04.487 [8428:16828:0427/144504.486:ERROR:device_event_log_impl.cc(222)] [14:45:04.486] USB: usb_device_handle_win.cc:1046 Failed to read descriptor from node connection: 시스템에 부착된 장치가 작동하지 않습니다. (0x1F)
4월 27, 2023 14:45:04.639 INFO: Created TensorFlow Lite XNNPACK delegate for CPU.
4월 27, 2023 14:48:37.805 [9128:17004:0427/144837.805:ERROR:device_event_log_impl.cc(222)] [14:48:37.805] USB: usb_device_handle_win.cc:1046 Failed to read descriptor from node connection: 시스템에 부착된 장치가 작동하지 않습니다. (0x1F)
4월 27, 2023 14:49:18.152 [5256:8904:0427/144918.151:ERROR:device_event_log_impl.cc(222)] [14:49:18.151] USB: usb_device_handle_win.cc:1046 Failed to read descriptor from node connection: 시스템에 부착된 장치가 작동하지 않습니다. (0x1F)
4월 27, 2023 14:49:18.306 INFO: Created TensorFlow Lite XNNPACK delegate for CPU.
4월 27, 2023 14:50:19.202 [8092:12948:0427/145019.202:ERROR:device_event_log_impl.cc(222)] [14:50:19.202] USB: usb_device_handle_win.cc:1046 Failed to read descriptor from node connection: 시스템에 부착된 장치가 작동하지 않습니다. (0x1F)
4월 27, 2023 14:50:19.328 INFO: Created TensorFlow Lite XNNPACK delegate for CPU.
4월 27, 2023 14:51:01.863 [8300:15672:0427/145101.862:ERROR:device_event_log_impl.cc(222)] [14:51:01.863] USB: usb_device_handle_win.cc:1046 Failed to read descriptor from node connection: 시스템에 부착된 장치가 작동하지 않습니다. (0x1F)
4월 27, 2023 14:51:02.09 INFO: Created TensorFlow Lite XNNPACK delegate for CPU.
4월 27, 2023 14:54:10.321 [0427/145410.320:ERROR:filesystem_win.cc(130)] GetFileAttributes C:\Users\JE\AppData\Local\Google\Chrome\User Data\Crashpad\attachments\c4597a58-0119-4aa9-bb7d-e7ff0fd8b639: 지정된 파일을 찾을 수 없습니다. (0x2)
4월 27, 2023 14:54:10.323 [0427/145410.321:ERROR:filesystem_win.cc(130)] GetFileAttributes C:\Users\JE\AppData\Local\Google\Chrome\User Data\Crashpad\attachments\c4597a58-0119-4aa9-bb7d-e7ff0fd8b639: 지정된 파일을 찾을 수 없습니다. (0x2)
4월 27, 2023 15:00:21.466 [0427/150021.459:ERROR:filesystem_win.cc(130)] GetFileAttributes C:\Users\JE\AppData\Local\Google\Chrome\User Data\Crashpad\attachments\c4597a58-0119-4aa9-bb7d-e7ff0fd8b639: 지정된 파일을 찾을 수 없습니다. (0x2)
4월 27, 2023 15:00:21.467 [0427/150021.466:ERROR:filesystem_win.cc(130)] GetFileAttributes C:\Users\JE\AppData\Local\Google\Chrome\User Data\Crashpad\attachments\c4597a58-0119-4aa9-bb7d-e7ff0fd8b639: 지정된 파일을 찾을 수 없습니다. (0x2)

4월 28, 2023 13:56:21.767 NEW SESSION
4월 28, 2023 13:56:21.767 [8112:1536:0428/135621.754:ERROR:device_event_log_impl.cc(222)] [13:56:21.754] USB: usb_device_handle_win.cc:1046 Failed to read descriptor from node connection: 시스템에 부착된 장치가 작동하지 않습니다. (0x1F)
4월 28, 2023 13:56:21.905 INFO: Created TensorFlow Lite XNNPACK delegate for CPU.
4월 28, 2023 14:06:34.610 [7204:16452:0428/140634.608:ERROR:device_event_log_impl.cc(222)] [14:06:34.608] USB: usb_device_handle_win.cc:1046 Failed to read descriptor from node connection: 시스템에 부착된 장치가 작동하지 않습니다. (0x1F)
4월 28, 2023 14:06:34.738 INFO: Created TensorFlow Lite XNNPACK delegate for CPU.

4월 28, 2023 14:31:15.851 NEW SESSION
4월 28, 2023 14:31:15.851 [3408:1292:0428/143115.849:ERROR:device_event_log_impl.cc(222)] [14:31:15.849] USB: usb_device_handle_win.cc:1046 Failed to read descriptor from node connection: 시스템에 부착된 장치가 작동하지 않습니다. (0x1F)
4월 28, 2023 14:31:16.04 INFO: Created TensorFlow Lite XNNPACK delegate for CPU.
4월 28, 2023 14:38:07.267 [5804:18276:0428/143807.266:ERROR:device_event_log_impl.cc(222)] [14:38:07.267] USB: usb_device_handle_win.cc:1046 Failed to read descriptor from node connection: 시스템에 부착된 장치가 작동하지 않습니다. (0x1F)
4월 28, 2023 14:38:07.391 INFO: Created TensorFlow Lite XNNPACK delegate for CPU.
4월 28, 2023 14:39:43.858 [2660:15660:0428/143943.858:ERROR:device_event_log_impl.cc(222)] [14:39:43.857] USB: usb_device_handle_win.cc:1046 Failed to read descriptor from node connection: 시스템에 부착된 장치가 작동하지 않습니다. (0x1F)
4월 28, 2023 14:39:43.978 INFO: Created TensorFlow Lite XNNPACK delegate for CPU.
4월 28, 2023 14:46:30.830 [12152:2704:0428/144630.830:ERROR:device_event_log_impl.cc(222)] [14:46:30.830] USB: usb_device_handle_win.cc:1046 Failed to read descriptor from node connection: 시스템에 부착된 장치가 작동하지 않습니다. (0x1F)
4월 28, 2023 14:46:30.956 INFO: Created TensorFlow Lite XNNPACK delegate for CPU.
4월 28, 2023 15:04:14.61 [0428/150414.061:ERROR:filesystem_win.cc(130)] GetFileAttributes C:\Users\JE\AppData\Local\Google\Chrome\User Data\Crashpad\attachments\c4597a58-0119-4aa9-bb7d-e7ff0fd8b639: 지정된 파일을 찾을 수 없습니다. (0x2)
4월 28, 2023 15:04:14.61 [0428/150414.061:ERROR:filesystem_win.cc(130)] GetFileAttributes C:\Users\JE\AppData\Local\Google\Chrome\User Data\Crashpad\attachments\c4597a58-0119-4aa9-bb7d-e7ff0fd8b639: 지정된 파일을 찾을 수 없습니다. (0x2)
4월 28, 2023 15:06:24.329 [0428/150624.329:ERROR:filesystem_win.cc(130)] GetFileAttributes C:\Users\JE\AppData\Local\Google\Chrome\User Data\Crashpad\attachments\c4597a58-0119-4aa9-bb7d-e7ff0fd8b639: 지정된 파일을 찾을 수 없습니다. (0x2)
4월 28, 2023 15:06:24.335 [0428/150624.329:ERROR:filesystem_win.cc(130)] GetFileAttributes C:\Users\JE\AppData\Local\Google\Chrome\User Data\Crashpad\attachments\c4597a58-0119-4aa9-bb7d-e7ff0fd8b639: 지정된 파일을 찾을 수 없습니다. (0x2)

5월 01, 2023 12:06:57.126 NEW SESSION
5월 01, 2023 12:06:57.126 [9928:12800:0501/120657.109:ERROR:device_event_log_impl.cc(222)] [12:06:57.109] USB: usb_device_handle_win.cc:1046 Failed to read descriptor from node connection: 시스템에 부착된 장치가 작동하지 않습니다. (0x1F)
5월 01, 2023 12:06:57.260 INFO: Created TensorFlow Lite XNNPACK delegate for CPU.

5월 01, 2023 12:07:58.272 NEW SESSION
5월 01, 2023 12:07:58.272 [8576:1208:0501/120758.271:ERROR:device_event_log_impl.cc(222)] [12:07:58.271] USB: usb_device_handle_win.cc:1046 Failed to read descriptor from node connection: 시스템에 부착된 장치가 작동하지 않습니다. (0x1F)
5월 01, 2023 12:07:58.448 INFO: Created TensorFlow Lite XNNPACK delegate for CPU.
5월 01, 2023 12:08:06.222 [0501/120806.222:ERROR:filesystem_win.cc(130)] GetFileAttributes C:\Users\JE\AppData\Local\Google\Chrome\User Data\Crashpad\attachments\c4597a58-0119-4aa9-bb7d-e7ff0fd8b639: 지정된 파일을 찾을 수 없습니다. (0x2)
5월 01, 2023 12:08:06.223 [0501/120806.222:ERROR:filesystem_win.cc(130)] GetFileAttributes C:\Users\JE\AppData\Local\Google\Chrome\User Data\Crashpad\attachments\c4597a58-0119-4aa9-bb7d-e7ff0fd8b639: 지정된 파일을 찾을 수 없습니다. (0x2)
5월 01, 2023 12:09:03.654 [9220:8012:0501/120903.650:ERROR:device_event_log_impl.cc(222)] [12:09:03.650] USB: usb_device_handle_win.cc:1046 Failed to read descriptor from node connection: 시스템에 부착된 장치가 작동하지 않습니다. (0x1F)
5월 01, 2023 12:09:03.784 INFO: Created TensorFlow Lite XNNPACK delegate for CPU.
5월 01, 2023 12:13:44.971 [2900:5160:0501/121344.971:ERROR:device_event_log_impl.cc(222)] [12:13:44.971] USB: usb_device_handle_win.cc:1046 Failed to read descriptor from node connection: 시스템에 부착된 장치가 작동하지 않습니다. (0x1F)
5월 01, 2023 12:13:45.104 INFO: Created TensorFlow Lite XNNPACK delegate for CPU.
5월 01, 2023 12:51:05.806 [2900:6420:0501/125105.806:ERROR:connection_factory_impl.cc(472)] ConnectionHandler failed with net error: -2

5월 01, 2023 15:08:18.684 NEW SESSION
5월 01, 2023 15:08:18.686 [14040:9380:0501/150818.673:ERROR:device_event_log_impl.cc(222)] [15:08:18.678] USB: usb_device_handle_win.cc:1046 Failed to read descriptor from node connection: 시스템에 부착된 장치가 작동하지 않습니다. (0x1F)
5월 01, 2023 15:08:18.852 INFO: Created TensorFlow Lite XNNPACK delegate for CPU.
5월 01, 2023 15:21:17.611 [14040:12388:0501/152117.611:ERROR:connection_factory_impl.cc(472)] ConnectionHandler failed with net error: -2
5월 01, 2023 15:26:05.421 [14040:12388:0501/152605.421:ERROR:connection_factory_impl.cc(429)] Failed to connect to MCS endpoint with error -7
5월 01, 2023 15:27:36.849 [14040:9380:0501/152736.847:ERROR:device_event_log_impl.cc(222)] [15:27:36.848] USB: usb_service_win.cc:104 SetupDiGetDeviceProperty({{A45C254E-DF1C-4EFD-8020-67D146A850E0}, 6}) failed: 요소가 없습니다. (0x490)
5월 01, 2023 16:05:05.26 [0501/160504.991:ERROR:filesystem_win.cc(130)] GetFileAttributes C:\Users\JE\AppData\Local\Google\Chrome\User Data\Crashpad\attachments\c4597a58-0119-4aa9-bb7d-e7ff0fd8b639: 지정된 파일을 찾을 수 없습니다. (0x2)
5월 01, 2023 16:05:05.53 [0501/160504.991:ERROR:filesystem_win.cc(130)] GetFileAttributes C:\Users\JE\AppData\Local\Google\Chrome\User Data\Crashpad\attachments\c4597a58-0119-4aa9-bb7d-e7ff0fd8b639: 지정된 파일을 찾을 수 없습니다. (0x2)
